{"total": {"lines":{"total":10497,"covered":7599,"skipped":0,"pct":72.39},"statements":{"total":10497,"covered":7599,"skipped":0,"pct":72.39},"functions":{"total":490,"covered":275,"skipped":0,"pct":56.12},"branches":{"total":1456,"covered":1181,"skipped":0,"pct":81.11},"branchesTrue":{"total":0,"covered":0,"skipped":0,"pct":100}}
,"/Users/o.miha/Project/cardona-core-service-github/src/App.vue": {"lines":{"total":37,"covered":0,"skipped":0,"pct":0},"functions":{"total":1,"covered":0,"skipped":0,"pct":0},"statements":{"total":37,"covered":0,"skipped":0,"pct":0},"branches":{"total":1,"covered":0,"skipped":0,"pct":0}}
,"/Users/o.miha/Project/cardona-core-service-github/src/@layouts/components/ProductsSelect.vue": {"lines":{"total":63,"covered":0,"skipped":0,"pct":0},"functions":{"total":1,"covered":0,"skipped":0,"pct":0},"statements":{"total":63,"covered":0,"skipped":0,"pct":0},"branches":{"total":1,"covered":0,"skipped":0,"pct":0}}
,"/Users/o.miha/Project/cardona-core-service-github/src/@layouts/components/ProjectSelect.vue": {"lines":{"total":67,"covered":0,"skipped":0,"pct":0},"functions":{"total":1,"covered":0,"skipped":0,"pct":0},"statements":{"total":67,"covered":0,"skipped":0,"pct":0},"branches":{"total":1,"covered":0,"skipped":0,"pct":0}}
,"/Users/o.miha/Project/cardona-core-service-github/src/@layouts/components/TransitionExpand.vue": {"lines":{"total":40,"covered":0,"skipped":0,"pct":0},"functions":{"total":1,"covered":0,"skipped":0,"pct":0},"statements":{"total":40,"covered":0,"skipped":0,"pct":0},"branches":{"total":1,"covered":0,"skipped":0,"pct":0}}
,"/Users/o.miha/Project/cardona-core-service-github/src/@layouts/components/VerticalNav.vue": {"lines":{"total":112,"covered":0,"skipped":0,"pct":0},"functions":{"total":1,"covered":0,"skipped":0,"pct":0},"statements":{"total":112,"covered":0,"skipped":0,"pct":0},"branches":{"total":1,"covered":0,"skipped":0,"pct":0}}
,"/Users/o.miha/Project/cardona-core-service-github/src/@layouts/components/VerticalNavGroup.vue": {"lines":{"total":100,"covered":0,"skipped":0,"pct":0},"functions":{"total":1,"covered":0,"skipped":0,"pct":0},"statements":{"total":100,"covered":0,"skipped":0,"pct":0},"branches":{"total":1,"covered":0,"skipped":0,"pct":0}}
,"/Users/o.miha/Project/cardona-core-service-github/src/@layouts/components/VerticalNavLayout.vue": {"lines":{"total":89,"covered":0,"skipped":0,"pct":0},"functions":{"total":1,"covered":0,"skipped":0,"pct":0},"statements":{"total":89,"covered":0,"skipped":0,"pct":0},"branches":{"total":1,"covered":0,"skipped":0,"pct":0}}
,"/Users/o.miha/Project/cardona-core-service-github/src/@layouts/components/VerticalNavLink.vue": {"lines":{"total":35,"covered":0,"skipped":0,"pct":0},"functions":{"total":1,"covered":0,"skipped":0,"pct":0},"statements":{"total":35,"covered":0,"skipped":0,"pct":0},"branches":{"total":1,"covered":0,"skipped":0,"pct":0}}
,"/Users/o.miha/Project/cardona-core-service-github/src/@layouts/components/VerticalNavSectionTitle.vue": {"lines":{"total":16,"covered":0,"skipped":0,"pct":0},"functions":{"total":1,"covered":0,"skipped":0,"pct":0},"statements":{"total":16,"covered":0,"skipped":0,"pct":0},"branches":{"total":1,"covered":0,"skipped":0,"pct":0}}
,"/Users/o.miha/Project/cardona-core-service-github/src/components/ActiveMenu.vue": {"lines":{"total":33,"covered":0,"skipped":0,"pct":0},"functions":{"total":1,"covered":0,"skipped":0,"pct":0},"statements":{"total":33,"covered":0,"skipped":0,"pct":0},"branches":{"total":1,"covered":0,"skipped":0,"pct":0}}
,"/Users/o.miha/Project/cardona-core-service-github/src/components/AppLoadingIndicator.vue": {"lines":{"total":43,"covered":0,"skipped":0,"pct":0},"functions":{"total":1,"covered":0,"skipped":0,"pct":0},"statements":{"total":43,"covered":0,"skipped":0,"pct":0},"branches":{"total":1,"covered":0,"skipped":0,"pct":0}}
,"/Users/o.miha/Project/cardona-core-service-github/src/components/AppLogo.vue": {"lines":{"total":12,"covered":12,"skipped":0,"pct":100},"functions":{"total":1,"covered":1,"skipped":0,"pct":100},"statements":{"total":12,"covered":12,"skipped":0,"pct":100},"branches":{"total":1,"covered":1,"skipped":0,"pct":100}}
,"/Users/o.miha/Project/cardona-core-service-github/src/components/AppPricing.vue": {"lines":{"total":157,"covered":0,"skipped":0,"pct":0},"functions":{"total":1,"covered":0,"skipped":0,"pct":0},"statements":{"total":157,"covered":0,"skipped":0,"pct":0},"branches":{"total":1,"covered":0,"skipped":0,"pct":0}}
,"/Users/o.miha/Project/cardona-core-service-github/src/components/AppSearchHeader.vue": {"lines":{"total":25,"covered":0,"skipped":0,"pct":0},"functions":{"total":1,"covered":0,"skipped":0,"pct":0},"statements":{"total":25,"covered":0,"skipped":0,"pct":0},"branches":{"total":1,"covered":0,"skipped":0,"pct":0}}
,"/Users/o.miha/Project/cardona-core-service-github/src/components/BadgeToggleGroup.vue": {"lines":{"total":34,"covered":0,"skipped":0,"pct":0},"functions":{"total":1,"covered":0,"skipped":0,"pct":0},"statements":{"total":34,"covered":0,"skipped":0,"pct":0},"branches":{"total":1,"covered":0,"skipped":0,"pct":0}}
,"/Users/o.miha/Project/cardona-core-service-github/src/components/CodeViewEditor.vue": {"lines":{"total":46,"covered":0,"skipped":0,"pct":0},"functions":{"total":1,"covered":0,"skipped":0,"pct":0},"statements":{"total":46,"covered":0,"skipped":0,"pct":0},"branches":{"total":1,"covered":0,"skipped":0,"pct":0}}
,"/Users/o.miha/Project/cardona-core-service-github/src/components/CountriesSelect.vue": {"lines":{"total":250,"covered":185,"skipped":0,"pct":74},"functions":{"total":9,"covered":4,"skipped":0,"pct":44.44},"statements":{"total":250,"covered":185,"skipped":0,"pct":74},"branches":{"total":51,"covered":43,"skipped":0,"pct":84.31}}
,"/Users/o.miha/Project/cardona-core-service-github/src/components/DynamicFieldList.vue": {"lines":{"total":136,"covered":130,"skipped":0,"pct":95.58},"functions":{"total":11,"covered":9,"skipped":0,"pct":81.81},"statements":{"total":136,"covered":130,"skipped":0,"pct":95.58},"branches":{"total":38,"covered":32,"skipped":0,"pct":84.21}}
,"/Users/o.miha/Project/cardona-core-service-github/src/components/ErrorHeader.vue": {"lines":{"total":13,"covered":0,"skipped":0,"pct":0},"functions":{"total":1,"covered":0,"skipped":0,"pct":0},"statements":{"total":13,"covered":0,"skipped":0,"pct":0},"branches":{"total":1,"covered":0,"skipped":0,"pct":0}}
,"/Users/o.miha/Project/cardona-core-service-github/src/components/LoadingDots.vue": {"lines":{"total":20,"covered":0,"skipped":0,"pct":0},"functions":{"total":1,"covered":0,"skipped":0,"pct":0},"statements":{"total":20,"covered":0,"skipped":0,"pct":0},"branches":{"total":1,"covered":0,"skipped":0,"pct":0}}
,"/Users/o.miha/Project/cardona-core-service-github/src/components/BaseModal/ConfirmModal.vue": {"lines":{"total":34,"covered":33,"skipped":0,"pct":97.05},"functions":{"total":4,"covered":4,"skipped":0,"pct":100},"statements":{"total":34,"covered":33,"skipped":0,"pct":97.05},"branches":{"total":9,"covered":6,"skipped":0,"pct":66.66}}
,"/Users/o.miha/Project/cardona-core-service-github/src/components/BaseModal/ConfirmationModal.vue": {"lines":{"total":23,"covered":23,"skipped":0,"pct":100},"functions":{"total":1,"covered":1,"skipped":0,"pct":100},"statements":{"total":23,"covered":23,"skipped":0,"pct":100},"branches":{"total":5,"covered":4,"skipped":0,"pct":80}}
,"/Users/o.miha/Project/cardona-core-service-github/src/components/BaseModal/ModalFooter.vue": {"lines":{"total":40,"covered":40,"skipped":0,"pct":100},"functions":{"total":2,"covered":2,"skipped":0,"pct":100},"statements":{"total":40,"covered":40,"skipped":0,"pct":100},"branches":{"total":7,"covered":7,"skipped":0,"pct":100}}
,"/Users/o.miha/Project/cardona-core-service-github/src/components/BaseModal/RemoveModal.vue": {"lines":{"total":48,"covered":46,"skipped":0,"pct":95.83},"functions":{"total":5,"covered":5,"skipped":0,"pct":100},"statements":{"total":48,"covered":46,"skipped":0,"pct":95.83},"branches":{"total":18,"covered":13,"skipped":0,"pct":72.22}}
,"/Users/o.miha/Project/cardona-core-service-github/src/components/BaseModal/index.vue": {"lines":{"total":68,"covered":64,"skipped":0,"pct":94.11},"functions":{"total":4,"covered":2,"skipped":0,"pct":50},"statements":{"total":68,"covered":64,"skipped":0,"pct":94.11},"branches":{"total":12,"covered":9,"skipped":0,"pct":75}}
,"/Users/o.miha/Project/cardona-core-service-github/src/components/CTable/index.vue": {"lines":{"total":216,"covered":201,"skipped":0,"pct":93.05},"functions":{"total":12,"covered":8,"skipped":0,"pct":66.66},"statements":{"total":216,"covered":201,"skipped":0,"pct":93.05},"branches":{"total":45,"covered":36,"skipped":0,"pct":80}}
,"/Users/o.miha/Project/cardona-core-service-github/src/components/FilesUpload/FilesUpload.vue": {"lines":{"total":85,"covered":83,"skipped":0,"pct":97.64},"functions":{"total":2,"covered":2,"skipped":0,"pct":100},"statements":{"total":85,"covered":83,"skipped":0,"pct":97.64},"branches":{"total":27,"covered":27,"skipped":0,"pct":100}}
,"/Users/o.miha/Project/cardona-core-service-github/src/components/FiltersBlock/index.vue": {"lines":{"total":190,"covered":164,"skipped":0,"pct":86.31},"functions":{"total":10,"covered":5,"skipped":0,"pct":50},"statements":{"total":190,"covered":164,"skipped":0,"pct":86.31},"branches":{"total":19,"covered":13,"skipped":0,"pct":68.42}}
,"/Users/o.miha/Project/cardona-core-service-github/src/components/FiltersBlock/_components/FilterSelector.vue": {"lines":{"total":29,"covered":29,"skipped":0,"pct":100},"functions":{"total":2,"covered":2,"skipped":0,"pct":100},"statements":{"total":29,"covered":29,"skipped":0,"pct":100},"branches":{"total":2,"covered":2,"skipped":0,"pct":100}}
,"/Users/o.miha/Project/cardona-core-service-github/src/components/NotificationExport/Toast.vue": {"lines":{"total":38,"covered":38,"skipped":0,"pct":100},"functions":{"total":0,"covered":0,"skipped":0,"pct":100},"statements":{"total":38,"covered":38,"skipped":0,"pct":100},"branches":{"total":0,"covered":0,"skipped":0,"pct":100}}
,"/Users/o.miha/Project/cardona-core-service-github/src/components/NotificationExport/index.vue": {"lines":{"total":90,"covered":90,"skipped":0,"pct":100},"functions":{"total":0,"covered":0,"skipped":0,"pct":100},"statements":{"total":90,"covered":90,"skipped":0,"pct":100},"branches":{"total":0,"covered":0,"skipped":0,"pct":100}}
,"/Users/o.miha/Project/cardona-core-service-github/src/components/NotificationExport/list/EmptyCard.vue": {"lines":{"total":10,"covered":10,"skipped":0,"pct":100},"functions":{"total":0,"covered":0,"skipped":0,"pct":100},"statements":{"total":10,"covered":10,"skipped":0,"pct":100},"branches":{"total":0,"covered":0,"skipped":0,"pct":100}}
,"/Users/o.miha/Project/cardona-core-service-github/src/components/NotificationExport/list/IconFile.vue": {"lines":{"total":12,"covered":12,"skipped":0,"pct":100},"functions":{"total":0,"covered":0,"skipped":0,"pct":100},"statements":{"total":12,"covered":12,"skipped":0,"pct":100},"branches":{"total":0,"covered":0,"skipped":0,"pct":100}}
,"/Users/o.miha/Project/cardona-core-service-github/src/components/NotificationExport/list/IconStatus.vue": {"lines":{"total":17,"covered":17,"skipped":0,"pct":100},"functions":{"total":0,"covered":0,"skipped":0,"pct":100},"statements":{"total":17,"covered":17,"skipped":0,"pct":100},"branches":{"total":0,"covered":0,"skipped":0,"pct":100}}
,"/Users/o.miha/Project/cardona-core-service-github/src/components/NotificationExport/list/ListItem.vue": {"lines":{"total":34,"covered":34,"skipped":0,"pct":100},"functions":{"total":0,"covered":0,"skipped":0,"pct":100},"statements":{"total":34,"covered":34,"skipped":0,"pct":100},"branches":{"total":0,"covered":0,"skipped":0,"pct":100}}
,"/Users/o.miha/Project/cardona-core-service-github/src/components/NotificationExport/list/index.vue": {"lines":{"total":61,"covered":61,"skipped":0,"pct":100},"functions":{"total":0,"covered":0,"skipped":0,"pct":100},"statements":{"total":61,"covered":61,"skipped":0,"pct":100},"branches":{"total":0,"covered":0,"skipped":0,"pct":100}}
,"/Users/o.miha/Project/cardona-core-service-github/src/components/TextEditorWysiwyg/ModalImageUpload.vue": {"lines":{"total":19,"covered":15,"skipped":0,"pct":78.94},"functions":{"total":2,"covered":0,"skipped":0,"pct":0},"statements":{"total":19,"covered":15,"skipped":0,"pct":78.94},"branches":{"total":0,"covered":0,"skipped":0,"pct":100}}
,"/Users/o.miha/Project/cardona-core-service-github/src/components/TextEditorWysiwyg/VariableGiftPreset.vue": {"lines":{"total":174,"covered":174,"skipped":0,"pct":100},"functions":{"total":0,"covered":0,"skipped":0,"pct":100},"statements":{"total":174,"covered":174,"skipped":0,"pct":100},"branches":{"total":0,"covered":0,"skipped":0,"pct":100}}
,"/Users/o.miha/Project/cardona-core-service-github/src/components/TextEditorWysiwyg/VariableModal.vue": {"lines":{"total":106,"covered":91,"skipped":0,"pct":85.84},"functions":{"total":6,"covered":1,"skipped":0,"pct":16.66},"statements":{"total":106,"covered":91,"skipped":0,"pct":85.84},"branches":{"total":5,"covered":2,"skipped":0,"pct":40}}
,"/Users/o.miha/Project/cardona-core-service-github/src/components/TextEditorWysiwyg/index.vue": {"lines":{"total":322,"covered":162,"skipped":0,"pct":50.31},"functions":{"total":30,"covered":8,"skipped":0,"pct":26.66},"statements":{"total":322,"covered":162,"skipped":0,"pct":50.31},"branches":{"total":25,"covered":22,"skipped":0,"pct":88}}
,"/Users/o.miha/Project/cardona-core-service-github/src/components/UploadImage/FileGallery.vue": {"lines":{"total":179,"covered":179,"skipped":0,"pct":100},"functions":{"total":0,"covered":0,"skipped":0,"pct":100},"statements":{"total":179,"covered":179,"skipped":0,"pct":100},"branches":{"total":0,"covered":0,"skipped":0,"pct":100}}
,"/Users/o.miha/Project/cardona-core-service-github/src/components/UploadImage/GridView.vue": {"lines":{"total":34,"covered":34,"skipped":0,"pct":100},"functions":{"total":0,"covered":0,"skipped":0,"pct":100},"statements":{"total":34,"covered":34,"skipped":0,"pct":100},"branches":{"total":0,"covered":0,"skipped":0,"pct":100}}
,"/Users/o.miha/Project/cardona-core-service-github/src/components/UploadImage/ImageItem.vue": {"lines":{"total":21,"covered":21,"skipped":0,"pct":100},"functions":{"total":0,"covered":0,"skipped":0,"pct":100},"statements":{"total":21,"covered":21,"skipped":0,"pct":100},"branches":{"total":0,"covered":0,"skipped":0,"pct":100}}
,"/Users/o.miha/Project/cardona-core-service-github/src/components/UploadImage/ListView.vue": {"lines":{"total":80,"covered":80,"skipped":0,"pct":100},"functions":{"total":0,"covered":0,"skipped":0,"pct":100},"statements":{"total":80,"covered":80,"skipped":0,"pct":100},"branches":{"total":0,"covered":0,"skipped":0,"pct":100}}
,"/Users/o.miha/Project/cardona-core-service-github/src/components/UploadImage/ModalFileUpload.vue": {"lines":{"total":96,"covered":0,"skipped":0,"pct":0},"functions":{"total":1,"covered":0,"skipped":0,"pct":0},"statements":{"total":96,"covered":0,"skipped":0,"pct":0},"branches":{"total":1,"covered":0,"skipped":0,"pct":0}}
,"/Users/o.miha/Project/cardona-core-service-github/src/components/UploadImage/NoFiles.vue": {"lines":{"total":13,"covered":13,"skipped":0,"pct":100},"functions":{"total":0,"covered":0,"skipped":0,"pct":100},"statements":{"total":13,"covered":13,"skipped":0,"pct":100},"branches":{"total":0,"covered":0,"skipped":0,"pct":100}}
,"/Users/o.miha/Project/cardona-core-service-github/src/components/UploadImage/SkeletonGrid.vue": {"lines":{"total":23,"covered":20,"skipped":0,"pct":86.95},"functions":{"total":1,"covered":0,"skipped":0,"pct":0},"statements":{"total":23,"covered":20,"skipped":0,"pct":86.95},"branches":{"total":0,"covered":0,"skipped":0,"pct":100}}
,"/Users/o.miha/Project/cardona-core-service-github/src/components/UploadImage/SkeletonGridItem.vue": {"lines":{"total":7,"covered":0,"skipped":0,"pct":0},"functions":{"total":1,"covered":0,"skipped":0,"pct":0},"statements":{"total":7,"covered":0,"skipped":0,"pct":0},"branches":{"total":1,"covered":0,"skipped":0,"pct":0}}
,"/Users/o.miha/Project/cardona-core-service-github/src/components/UploadImage/index.vue": {"lines":{"total":147,"covered":0,"skipped":0,"pct":0},"functions":{"total":1,"covered":0,"skipped":0,"pct":0},"statements":{"total":147,"covered":0,"skipped":0,"pct":0},"branches":{"total":1,"covered":0,"skipped":0,"pct":0}}
,"/Users/o.miha/Project/cardona-core-service-github/src/components/change-password/ChangePassword.vue": {"lines":{"total":49,"covered":49,"skipped":0,"pct":100},"functions":{"total":4,"covered":2,"skipped":0,"pct":50},"statements":{"total":49,"covered":49,"skipped":0,"pct":100},"branches":{"total":4,"covered":4,"skipped":0,"pct":100}}
,"/Users/o.miha/Project/cardona-core-service-github/src/components/permitionsForm/GroupFragmentSettings.vue": {"lines":{"total":21,"covered":21,"skipped":0,"pct":100},"functions":{"total":1,"covered":1,"skipped":0,"pct":100},"statements":{"total":21,"covered":21,"skipped":0,"pct":100},"branches":{"total":2,"covered":2,"skipped":0,"pct":100}}
,"/Users/o.miha/Project/cardona-core-service-github/src/components/permitionsForm/GroupFragmentSettingsTable.vue": {"lines":{"total":177,"covered":155,"skipped":0,"pct":87.57},"functions":{"total":11,"covered":10,"skipped":0,"pct":90.9},"statements":{"total":177,"covered":155,"skipped":0,"pct":87.57},"branches":{"total":47,"covered":45,"skipped":0,"pct":95.74}}
,"/Users/o.miha/Project/cardona-core-service-github/src/components/permitionsForm/GroupFragmentSettingsTables.vue": {"lines":{"total":66,"covered":61,"skipped":0,"pct":92.42},"functions":{"total":5,"covered":4,"skipped":0,"pct":80},"statements":{"total":66,"covered":61,"skipped":0,"pct":92.42},"branches":{"total":13,"covered":11,"skipped":0,"pct":84.61}}
,"/Users/o.miha/Project/cardona-core-service-github/src/components/templates/BaseChart.vue": {"lines":{"total":53,"covered":0,"skipped":0,"pct":0},"functions":{"total":1,"covered":0,"skipped":0,"pct":0},"statements":{"total":53,"covered":0,"skipped":0,"pct":0},"branches":{"total":1,"covered":0,"skipped":0,"pct":0}}
,"/Users/o.miha/Project/cardona-core-service-github/src/components/templates/BaseList/index.vue": {"lines":{"total":43,"covered":35,"skipped":0,"pct":81.39},"functions":{"total":8,"covered":1,"skipped":0,"pct":12.5},"statements":{"total":43,"covered":35,"skipped":0,"pct":81.39},"branches":{"total":4,"covered":1,"skipped":0,"pct":25}}
,"/Users/o.miha/Project/cardona-core-service-github/src/components/templates/BaseList/_components/BaseListCell.vue": {"lines":{"total":124,"covered":124,"skipped":0,"pct":100},"functions":{"total":5,"covered":5,"skipped":0,"pct":100},"statements":{"total":124,"covered":124,"skipped":0,"pct":100},"branches":{"total":34,"covered":34,"skipped":0,"pct":100}}
,"/Users/o.miha/Project/cardona-core-service-github/src/components/templates/BaseList/_components/CPagination.vue": {"lines":{"total":34,"covered":34,"skipped":0,"pct":100},"functions":{"total":6,"covered":5,"skipped":0,"pct":83.33},"statements":{"total":34,"covered":34,"skipped":0,"pct":100},"branches":{"total":21,"covered":20,"skipped":0,"pct":95.23}}
,"/Users/o.miha/Project/cardona-core-service-github/src/components/templates/BaseList/_components/EditFieldWrapper.vue": {"lines":{"total":69,"covered":61,"skipped":0,"pct":88.4},"functions":{"total":5,"covered":5,"skipped":0,"pct":100},"statements":{"total":69,"covered":61,"skipped":0,"pct":88.4},"branches":{"total":11,"covered":10,"skipped":0,"pct":90.9}}
,"/Users/o.miha/Project/cardona-core-service-github/src/components/templates/BaseList/_components/ExportFormatSelector.vue": {"lines":{"total":39,"covered":36,"skipped":0,"pct":92.3},"functions":{"total":3,"covered":2,"skipped":0,"pct":66.66},"statements":{"total":39,"covered":36,"skipped":0,"pct":92.3},"branches":{"total":11,"covered":9,"skipped":0,"pct":81.81}}
,"/Users/o.miha/Project/cardona-core-service-github/src/components/templates/BaseList/_components/ImageDetailModal.vue": {"lines":{"total":40,"covered":33,"skipped":0,"pct":82.5},"functions":{"total":2,"covered":0,"skipped":0,"pct":0},"statements":{"total":40,"covered":33,"skipped":0,"pct":82.5},"branches":{"total":0,"covered":0,"skipped":0,"pct":100}}
,"/Users/o.miha/Project/cardona-core-service-github/src/components/templates/BaseList/_components/InlineFilters.vue": {"lines":{"total":16,"covered":16,"skipped":0,"pct":100},"functions":{"total":0,"covered":0,"skipped":0,"pct":100},"statements":{"total":16,"covered":16,"skipped":0,"pct":100},"branches":{"total":0,"covered":0,"skipped":0,"pct":100}}
,"/Users/o.miha/Project/cardona-core-service-github/src/components/templates/BaseList/_components/ListPagination.vue": {"lines":{"total":80,"covered":77,"skipped":0,"pct":96.25},"functions":{"total":7,"covered":6,"skipped":0,"pct":85.71},"statements":{"total":80,"covered":77,"skipped":0,"pct":96.25},"branches":{"total":19,"covered":16,"skipped":0,"pct":84.21}}
,"/Users/o.miha/Project/cardona-core-service-github/src/components/templates/BaseList/_components/ListSearch.vue": {"lines":{"total":65,"covered":65,"skipped":0,"pct":100},"functions":{"total":4,"covered":4,"skipped":0,"pct":100},"statements":{"total":65,"covered":65,"skipped":0,"pct":100},"branches":{"total":11,"covered":11,"skipped":0,"pct":100}}
,"/Users/o.miha/Project/cardona-core-service-github/src/components/templates/BaseList/_components/MultipleActions.vue": {"lines":{"total":53,"covered":53,"skipped":0,"pct":100},"functions":{"total":4,"covered":3,"skipped":0,"pct":75},"statements":{"total":53,"covered":53,"skipped":0,"pct":100},"branches":{"total":17,"covered":17,"skipped":0,"pct":100}}
,"/Users/o.miha/Project/cardona-core-service-github/src/components/templates/BaseList/_components/ProjectsFilter.vue": {"lines":{"total":28,"covered":24,"skipped":0,"pct":85.71},"functions":{"total":3,"covered":1,"skipped":0,"pct":33.33},"statements":{"total":28,"covered":24,"skipped":0,"pct":85.71},"branches":{"total":5,"covered":5,"skipped":0,"pct":100}}
,"/Users/o.miha/Project/cardona-core-service-github/src/components/templates/BaseList/_components/SearchInput.vue": {"lines":{"total":25,"covered":0,"skipped":0,"pct":0},"functions":{"total":1,"covered":0,"skipped":0,"pct":0},"statements":{"total":25,"covered":0,"skipped":0,"pct":0},"branches":{"total":1,"covered":0,"skipped":0,"pct":0}}
,"/Users/o.miha/Project/cardona-core-service-github/src/components/templates/BaseList/_components/TableFields.vue": {"lines":{"total":61,"covered":61,"skipped":0,"pct":100},"functions":{"total":4,"covered":4,"skipped":0,"pct":100},"statements":{"total":61,"covered":61,"skipped":0,"pct":100},"branches":{"total":18,"covered":17,"skipped":0,"pct":94.44}}
,"/Users/o.miha/Project/cardona-core-service-github/src/components/templates/BaseList/_components/fields/ActionField.vue": {"lines":{"total":13,"covered":13,"skipped":0,"pct":100},"functions":{"total":0,"covered":0,"skipped":0,"pct":100},"statements":{"total":13,"covered":13,"skipped":0,"pct":100},"branches":{"total":2,"covered":2,"skipped":0,"pct":100}}
,"/Users/o.miha/Project/cardona-core-service-github/src/components/templates/BaseList/_components/fields/BadgesField.vue": {"lines":{"total":28,"covered":27,"skipped":0,"pct":96.42},"functions":{"total":0,"covered":0,"skipped":0,"pct":100},"statements":{"total":28,"covered":27,"skipped":0,"pct":96.42},"branches":{"total":11,"covered":7,"skipped":0,"pct":63.63}}
,"/Users/o.miha/Project/cardona-core-service-github/src/components/templates/BaseList/_components/fields/ButtonField.vue": {"lines":{"total":5,"covered":5,"skipped":0,"pct":100},"functions":{"total":0,"covered":0,"skipped":0,"pct":100},"statements":{"total":5,"covered":5,"skipped":0,"pct":100},"branches":{"total":0,"covered":0,"skipped":0,"pct":100}}
,"/Users/o.miha/Project/cardona-core-service-github/src/components/templates/BaseList/_components/fields/CommentField.vue": {"lines":{"total":14,"covered":14,"skipped":0,"pct":100},"functions":{"total":0,"covered":0,"skipped":0,"pct":100},"statements":{"total":14,"covered":14,"skipped":0,"pct":100},"branches":{"total":0,"covered":0,"skipped":0,"pct":100}}
,"/Users/o.miha/Project/cardona-core-service-github/src/components/templates/BaseList/_components/fields/CopyField.vue": {"lines":{"total":18,"covered":18,"skipped":0,"pct":100},"functions":{"total":0,"covered":0,"skipped":0,"pct":100},"statements":{"total":18,"covered":18,"skipped":0,"pct":100},"branches":{"total":5,"covered":5,"skipped":0,"pct":100}}
,"/Users/o.miha/Project/cardona-core-service-github/src/components/templates/BaseList/_components/fields/CopyShortField.vue": {"lines":{"total":5,"covered":5,"skipped":0,"pct":100},"functions":{"total":0,"covered":0,"skipped":0,"pct":100},"statements":{"total":5,"covered":5,"skipped":0,"pct":100},"branches":{"total":0,"covered":0,"skipped":0,"pct":100}}
,"/Users/o.miha/Project/cardona-core-service-github/src/components/templates/BaseList/_components/fields/DataObjectField.vue": {"lines":{"total":19,"covered":19,"skipped":0,"pct":100},"functions":{"total":0,"covered":0,"skipped":0,"pct":100},"statements":{"total":19,"covered":19,"skipped":0,"pct":100},"branches":{"total":2,"covered":2,"skipped":0,"pct":100}}
,"/Users/o.miha/Project/cardona-core-service-github/src/components/templates/BaseList/_components/fields/DateField.vue": {"lines":{"total":9,"covered":9,"skipped":0,"pct":100},"functions":{"total":0,"covered":0,"skipped":0,"pct":100},"statements":{"total":9,"covered":9,"skipped":0,"pct":100},"branches":{"total":4,"covered":3,"skipped":0,"pct":75}}
,"/Users/o.miha/Project/cardona-core-service-github/src/components/templates/BaseList/_components/fields/DatePeriodField.vue": {"lines":{"total":5,"covered":5,"skipped":0,"pct":100},"functions":{"total":0,"covered":0,"skipped":0,"pct":100},"statements":{"total":5,"covered":5,"skipped":0,"pct":100},"branches":{"total":0,"covered":0,"skipped":0,"pct":100}}
,"/Users/o.miha/Project/cardona-core-service-github/src/components/templates/BaseList/_components/fields/DateWithSecondsField.vue": {"lines":{"total":9,"covered":9,"skipped":0,"pct":100},"functions":{"total":0,"covered":0,"skipped":0,"pct":100},"statements":{"total":9,"covered":9,"skipped":0,"pct":100},"branches":{"total":2,"covered":1,"skipped":0,"pct":50}}
,"/Users/o.miha/Project/cardona-core-service-github/src/components/templates/BaseList/_components/fields/EmailField.vue": {"lines":{"total":18,"covered":17,"skipped":0,"pct":94.44},"functions":{"total":0,"covered":0,"skipped":0,"pct":100},"statements":{"total":18,"covered":17,"skipped":0,"pct":94.44},"branches":{"total":1,"covered":1,"skipped":0,"pct":100}}
,"/Users/o.miha/Project/cardona-core-service-github/src/components/templates/BaseList/_components/fields/ImageDetailField.vue": {"lines":{"total":18,"covered":18,"skipped":0,"pct":100},"functions":{"total":1,"covered":1,"skipped":0,"pct":100},"statements":{"total":18,"covered":18,"skipped":0,"pct":100},"branches":{"total":5,"covered":5,"skipped":0,"pct":100}}
,"/Users/o.miha/Project/cardona-core-service-github/src/components/templates/BaseList/_components/fields/ImageField.vue": {"lines":{"total":7,"covered":7,"skipped":0,"pct":100},"functions":{"total":0,"covered":0,"skipped":0,"pct":100},"statements":{"total":7,"covered":7,"skipped":0,"pct":100},"branches":{"total":0,"covered":0,"skipped":0,"pct":100}}
,"/Users/o.miha/Project/cardona-core-service-github/src/components/templates/BaseList/_components/fields/ItemActionCopy.vue": {"lines":{"total":49,"covered":49,"skipped":0,"pct":100},"functions":{"total":4,"covered":4,"skipped":0,"pct":100},"statements":{"total":49,"covered":49,"skipped":0,"pct":100},"branches":{"total":10,"covered":10,"skipped":0,"pct":100}}
,"/Users/o.miha/Project/cardona-core-service-github/src/components/templates/BaseList/_components/fields/ItemActions.vue": {"lines":{"total":81,"covered":81,"skipped":0,"pct":100},"functions":{"total":5,"covered":5,"skipped":0,"pct":100},"statements":{"total":81,"covered":81,"skipped":0,"pct":100},"branches":{"total":23,"covered":23,"skipped":0,"pct":100}}
,"/Users/o.miha/Project/cardona-core-service-github/src/components/templates/BaseList/_components/fields/NameWithIdField.vue": {"lines":{"total":51,"covered":49,"skipped":0,"pct":96.07},"functions":{"total":0,"covered":0,"skipped":0,"pct":100},"statements":{"total":51,"covered":49,"skipped":0,"pct":96.07},"branches":{"total":19,"covered":16,"skipped":0,"pct":84.21}}
,"/Users/o.miha/Project/cardona-core-service-github/src/components/templates/BaseList/_components/fields/NameWithShortIdField.vue": {"lines":{"total":9,"covered":9,"skipped":0,"pct":100},"functions":{"total":0,"covered":0,"skipped":0,"pct":100},"statements":{"total":9,"covered":9,"skipped":0,"pct":100},"branches":{"total":0,"covered":0,"skipped":0,"pct":100}}
,"/Users/o.miha/Project/cardona-core-service-github/src/components/templates/BaseList/_components/fields/PillStatusField.vue": {"lines":{"total":8,"covered":8,"skipped":0,"pct":100},"functions":{"total":0,"covered":0,"skipped":0,"pct":100},"statements":{"total":8,"covered":8,"skipped":0,"pct":100},"branches":{"total":3,"covered":3,"skipped":0,"pct":100}}
,"/Users/o.miha/Project/cardona-core-service-github/src/components/templates/BaseList/_components/fields/PositionField.vue": {"lines":{"total":92,"covered":72,"skipped":0,"pct":78.26},"functions":{"total":9,"covered":5,"skipped":0,"pct":55.55},"statements":{"total":92,"covered":72,"skipped":0,"pct":78.26},"branches":{"total":14,"covered":12,"skipped":0,"pct":85.71}}
,"/Users/o.miha/Project/cardona-core-service-github/src/components/templates/BaseList/_components/fields/StatementField.vue": {"lines":{"total":13,"covered":0,"skipped":0,"pct":0},"functions":{"total":1,"covered":0,"skipped":0,"pct":0},"statements":{"total":13,"covered":0,"skipped":0,"pct":0},"branches":{"total":1,"covered":0,"skipped":0,"pct":0}}
,"/Users/o.miha/Project/cardona-core-service-github/src/components/templates/BaseList/_components/fields/StatusField.vue": {"lines":{"total":21,"covered":21,"skipped":0,"pct":100},"functions":{"total":0,"covered":0,"skipped":0,"pct":100},"statements":{"total":21,"covered":21,"skipped":0,"pct":100},"branches":{"total":8,"covered":7,"skipped":0,"pct":87.5}}
,"/Users/o.miha/Project/cardona-core-service-github/src/components/templates/BaseList/_components/fields/StatusWithDateField.vue": {"lines":{"total":6,"covered":6,"skipped":0,"pct":100},"functions":{"total":0,"covered":0,"skipped":0,"pct":100},"statements":{"total":6,"covered":6,"skipped":0,"pct":100},"branches":{"total":0,"covered":0,"skipped":0,"pct":100}}
,"/Users/o.miha/Project/cardona-core-service-github/src/components/templates/BaseList/types/compact.vue": {"lines":{"total":804,"covered":632,"skipped":0,"pct":78.6},"functions":{"total":37,"covered":6,"skipped":0,"pct":16.21},"statements":{"total":804,"covered":632,"skipped":0,"pct":78.6},"branches":{"total":67,"covered":30,"skipped":0,"pct":44.77}}
,"/Users/o.miha/Project/cardona-core-service-github/src/components/templates/BaseList/types/default.vue": {"lines":{"total":707,"covered":576,"skipped":0,"pct":81.47},"functions":{"total":42,"covered":21,"skipped":0,"pct":50},"statements":{"total":707,"covered":576,"skipped":0,"pct":81.47},"branches":{"total":141,"covered":98,"skipped":0,"pct":69.5}}
,"/Users/o.miha/Project/cardona-core-service-github/src/components/templates/BaseSection/BaseSectionLoading.vue": {"lines":{"total":29,"covered":29,"skipped":0,"pct":100},"functions":{"total":0,"covered":0,"skipped":0,"pct":100},"statements":{"total":29,"covered":29,"skipped":0,"pct":100},"branches":{"total":4,"covered":4,"skipped":0,"pct":100}}
,"/Users/o.miha/Project/cardona-core-service-github/src/components/templates/BaseSection/index.vue": {"lines":{"total":38,"covered":33,"skipped":0,"pct":86.84},"functions":{"total":7,"covered":1,"skipped":0,"pct":14.28},"statements":{"total":38,"covered":33,"skipped":0,"pct":86.84},"branches":{"total":2,"covered":2,"skipped":0,"pct":100}}
,"/Users/o.miha/Project/cardona-core-service-github/src/components/templates/BaseSection/types/default.vue": {"lines":{"total":331,"covered":304,"skipped":0,"pct":91.84},"functions":{"total":19,"covered":13,"skipped":0,"pct":68.42},"statements":{"total":331,"covered":304,"skipped":0,"pct":91.84},"branches":{"total":113,"covered":83,"skipped":0,"pct":73.45}}
,"/Users/o.miha/Project/cardona-core-service-github/src/components/templates/FieldGenerator/index.vue": {"lines":{"total":113,"covered":108,"skipped":0,"pct":95.57},"functions":{"total":6,"covered":3,"skipped":0,"pct":50},"statements":{"total":113,"covered":108,"skipped":0,"pct":95.57},"branches":{"total":40,"covered":35,"skipped":0,"pct":87.5}}
,"/Users/o.miha/Project/cardona-core-service-github/src/components/templates/FieldGenerator/_components/CheckField.vue": {"lines":{"total":13,"covered":13,"skipped":0,"pct":100},"functions":{"total":3,"covered":3,"skipped":0,"pct":100},"statements":{"total":13,"covered":13,"skipped":0,"pct":100},"branches":{"total":4,"covered":4,"skipped":0,"pct":100}}
,"/Users/o.miha/Project/cardona-core-service-github/src/components/templates/FieldGenerator/_components/CheckGroupField.vue": {"lines":{"total":17,"covered":17,"skipped":0,"pct":100},"functions":{"total":3,"covered":3,"skipped":0,"pct":100},"statements":{"total":17,"covered":17,"skipped":0,"pct":100},"branches":{"total":4,"covered":4,"skipped":0,"pct":100}}
,"/Users/o.miha/Project/cardona-core-service-github/src/components/templates/FieldGenerator/_components/ColorField.vue": {"lines":{"total":38,"covered":37,"skipped":0,"pct":97.36},"functions":{"total":3,"covered":3,"skipped":0,"pct":100},"statements":{"total":38,"covered":37,"skipped":0,"pct":97.36},"branches":{"total":11,"covered":9,"skipped":0,"pct":81.81}}
,"/Users/o.miha/Project/cardona-core-service-github/src/components/templates/FieldGenerator/_components/ConditionsField.vue": {"lines":{"total":51,"covered":51,"skipped":0,"pct":100},"functions":{"total":5,"covered":3,"skipped":0,"pct":60},"statements":{"total":51,"covered":51,"skipped":0,"pct":100},"branches":{"total":4,"covered":4,"skipped":0,"pct":100}}
,"/Users/o.miha/Project/cardona-core-service-github/src/components/templates/FieldGenerator/_components/CurrencyField.vue": {"lines":{"total":16,"covered":15,"skipped":0,"pct":93.75},"functions":{"total":3,"covered":1,"skipped":0,"pct":33.33},"statements":{"total":16,"covered":15,"skipped":0,"pct":93.75},"branches":{"total":5,"covered":5,"skipped":0,"pct":100}}
,"/Users/o.miha/Project/cardona-core-service-github/src/components/templates/FieldGenerator/_components/DateField.vue": {"lines":{"total":133,"covered":126,"skipped":0,"pct":94.73},"functions":{"total":13,"covered":9,"skipped":0,"pct":69.23},"statements":{"total":133,"covered":126,"skipped":0,"pct":94.73},"branches":{"total":44,"covered":33,"skipped":0,"pct":75}}
,"/Users/o.miha/Project/cardona-core-service-github/src/components/templates/FieldGenerator/_components/DummySelectField.vue": {"lines":{"total":36,"covered":35,"skipped":0,"pct":97.22},"functions":{"total":4,"covered":1,"skipped":0,"pct":25},"statements":{"total":36,"covered":35,"skipped":0,"pct":97.22},"branches":{"total":3,"covered":2,"skipped":0,"pct":66.66}}
,"/Users/o.miha/Project/cardona-core-service-github/src/components/templates/FieldGenerator/_components/GradientField.vue": {"lines":{"total":29,"covered":29,"skipped":0,"pct":100},"functions":{"total":3,"covered":3,"skipped":0,"pct":100},"statements":{"total":29,"covered":29,"skipped":0,"pct":100},"branches":{"total":4,"covered":4,"skipped":0,"pct":100}}
,"/Users/o.miha/Project/cardona-core-service-github/src/components/templates/FieldGenerator/_components/MultiSelectField.vue": {"lines":{"total":121,"covered":117,"skipped":0,"pct":96.69},"functions":{"total":7,"covered":7,"skipped":0,"pct":100},"statements":{"total":121,"covered":117,"skipped":0,"pct":96.69},"branches":{"total":29,"covered":22,"skipped":0,"pct":75.86}}
,"/Users/o.miha/Project/cardona-core-service-github/src/components/templates/FieldGenerator/_components/NumberField.vue": {"lines":{"total":46,"covered":36,"skipped":0,"pct":78.26},"functions":{"total":8,"covered":6,"skipped":0,"pct":75},"statements":{"total":46,"covered":36,"skipped":0,"pct":78.26},"branches":{"total":18,"covered":17,"skipped":0,"pct":94.44}}
,"/Users/o.miha/Project/cardona-core-service-github/src/components/templates/FieldGenerator/_components/NumberRangeField.vue": {"lines":{"total":36,"covered":35,"skipped":0,"pct":97.22},"functions":{"total":7,"covered":7,"skipped":0,"pct":100},"statements":{"total":36,"covered":35,"skipped":0,"pct":97.22},"branches":{"total":12,"covered":11,"skipped":0,"pct":91.66}}
,"/Users/o.miha/Project/cardona-core-service-github/src/components/templates/FieldGenerator/_components/PasswordField.vue": {"lines":{"total":46,"covered":45,"skipped":0,"pct":97.82},"functions":{"total":5,"covered":3,"skipped":0,"pct":60},"statements":{"total":46,"covered":45,"skipped":0,"pct":97.82},"branches":{"total":9,"covered":7,"skipped":0,"pct":77.77}}
,"/Users/o.miha/Project/cardona-core-service-github/src/components/templates/FieldGenerator/_components/PhoneField.vue": {"lines":{"total":56,"covered":53,"skipped":0,"pct":94.64},"functions":{"total":6,"covered":5,"skipped":0,"pct":83.33},"statements":{"total":56,"covered":53,"skipped":0,"pct":94.64},"branches":{"total":12,"covered":11,"skipped":0,"pct":91.66}}
,"/Users/o.miha/Project/cardona-core-service-github/src/components/templates/FieldGenerator/_components/RadioField.vue": {"lines":{"total":17,"covered":17,"skipped":0,"pct":100},"functions":{"total":3,"covered":1,"skipped":0,"pct":33.33},"statements":{"total":17,"covered":17,"skipped":0,"pct":100},"branches":{"total":2,"covered":2,"skipped":0,"pct":100}}
,"/Users/o.miha/Project/cardona-core-service-github/src/components/templates/FieldGenerator/_components/RatesField.vue": {"lines":{"total":74,"covered":74,"skipped":0,"pct":100},"functions":{"total":5,"covered":5,"skipped":0,"pct":100},"statements":{"total":74,"covered":74,"skipped":0,"pct":100},"branches":{"total":15,"covered":13,"skipped":0,"pct":86.66}}
,"/Users/o.miha/Project/cardona-core-service-github/src/components/templates/FieldGenerator/_components/RichTextField.vue": {"lines":{"total":27,"covered":27,"skipped":0,"pct":100},"functions":{"total":0,"covered":0,"skipped":0,"pct":100},"statements":{"total":27,"covered":27,"skipped":0,"pct":100},"branches":{"total":0,"covered":0,"skipped":0,"pct":100}}
,"/Users/o.miha/Project/cardona-core-service-github/src/components/templates/FieldGenerator/_components/SelectField.vue": {"lines":{"total":109,"covered":102,"skipped":0,"pct":93.57},"functions":{"total":8,"covered":5,"skipped":0,"pct":62.5},"statements":{"total":109,"covered":102,"skipped":0,"pct":93.57},"branches":{"total":36,"covered":29,"skipped":0,"pct":80.55}}
,"/Users/o.miha/Project/cardona-core-service-github/src/components/templates/FieldGenerator/_components/SumRangeField.vue": {"lines":{"total":1,"covered":0,"skipped":0,"pct":0},"functions":{"total":1,"covered":0,"skipped":0,"pct":0},"statements":{"total":1,"covered":0,"skipped":0,"pct":0},"branches":{"total":1,"covered":0,"skipped":0,"pct":0}}
,"/Users/o.miha/Project/cardona-core-service-github/src/components/templates/FieldGenerator/_components/SwitchField.vue": {"lines":{"total":26,"covered":26,"skipped":0,"pct":100},"functions":{"total":3,"covered":1,"skipped":0,"pct":33.33},"statements":{"total":26,"covered":26,"skipped":0,"pct":100},"branches":{"total":9,"covered":8,"skipped":0,"pct":88.88}}
,"/Users/o.miha/Project/cardona-core-service-github/src/components/templates/FieldGenerator/_components/TagsField.vue": {"lines":{"total":57,"covered":57,"skipped":0,"pct":100},"functions":{"total":0,"covered":0,"skipped":0,"pct":100},"statements":{"total":57,"covered":57,"skipped":0,"pct":100},"branches":{"total":0,"covered":0,"skipped":0,"pct":100}}
,"/Users/o.miha/Project/cardona-core-service-github/src/components/templates/FieldGenerator/_components/TextField.vue": {"lines":{"total":30,"covered":30,"skipped":0,"pct":100},"functions":{"total":3,"covered":3,"skipped":0,"pct":100},"statements":{"total":30,"covered":30,"skipped":0,"pct":100},"branches":{"total":9,"covered":9,"skipped":0,"pct":100}}
,"/Users/o.miha/Project/cardona-core-service-github/src/components/templates/FieldGenerator/_components/TextareaField.vue": {"lines":{"total":81,"covered":71,"skipped":0,"pct":87.65},"functions":{"total":7,"covered":7,"skipped":0,"pct":100},"statements":{"total":81,"covered":71,"skipped":0,"pct":87.65},"branches":{"total":18,"covered":15,"skipped":0,"pct":83.33}}
,"/Users/o.miha/Project/cardona-core-service-github/src/components/templates/FieldGenerator/_components/TimeField.vue": {"lines":{"total":29,"covered":29,"skipped":0,"pct":100},"functions":{"total":4,"covered":3,"skipped":0,"pct":75},"statements":{"total":29,"covered":29,"skipped":0,"pct":100},"branches":{"total":7,"covered":6,"skipped":0,"pct":85.71}}
,"/Users/o.miha/Project/cardona-core-service-github/src/components/templates/FieldGenerator/_components/UsersListField.vue": {"lines":{"total":57,"covered":57,"skipped":0,"pct":100},"functions":{"total":0,"covered":0,"skipped":0,"pct":100},"statements":{"total":57,"covered":57,"skipped":0,"pct":100},"branches":{"total":0,"covered":0,"skipped":0,"pct":100}}
,"/Users/o.miha/Project/cardona-core-service-github/src/components/templates/FieldGenerator/_components/_partials/ColorPreview.vue": {"lines":{"total":13,"covered":13,"skipped":0,"pct":100},"functions":{"total":0,"covered":0,"skipped":0,"pct":100},"statements":{"total":13,"covered":13,"skipped":0,"pct":100},"branches":{"total":4,"covered":4,"skipped":0,"pct":100}}
,"/Users/o.miha/Project/cardona-core-service-github/src/components/templates/LocaleForm/index.vue": {"lines":{"total":124,"covered":101,"skipped":0,"pct":81.45},"functions":{"total":11,"covered":3,"skipped":0,"pct":27.27},"statements":{"total":124,"covered":101,"skipped":0,"pct":81.45},"branches":{"total":26,"covered":25,"skipped":0,"pct":96.15}}
,"/Users/o.miha/Project/cardona-core-service-github/src/components/templates/LocaleForm/_components/InputTextWrapper.vue": {"lines":{"total":42,"covered":42,"skipped":0,"pct":100},"functions":{"total":0,"covered":0,"skipped":0,"pct":100},"statements":{"total":42,"covered":42,"skipped":0,"pct":100},"branches":{"total":0,"covered":0,"skipped":0,"pct":100}}
,"/Users/o.miha/Project/cardona-core-service-github/src/components/templates/SeoForm/index.vue": {"lines":{"total":25,"covered":0,"skipped":0,"pct":0},"functions":{"total":1,"covered":0,"skipped":0,"pct":0},"statements":{"total":25,"covered":0,"skipped":0,"pct":0},"branches":{"total":1,"covered":0,"skipped":0,"pct":0}}
,"/Users/o.miha/Project/cardona-core-service-github/src/components/templates/SideBar/index.vue": {"lines":{"total":126,"covered":119,"skipped":0,"pct":94.44},"functions":{"total":8,"covered":6,"skipped":0,"pct":75},"statements":{"total":126,"covered":119,"skipped":0,"pct":94.44},"branches":{"total":13,"covered":12,"skipped":0,"pct":92.3}}
,"/Users/o.miha/Project/cardona-core-service-github/src/components/templates/ViewGenerator/index.vue": {"lines":{"total":45,"covered":45,"skipped":0,"pct":100},"functions":{"total":0,"covered":0,"skipped":0,"pct":100},"statements":{"total":45,"covered":45,"skipped":0,"pct":100},"branches":{"total":6,"covered":6,"skipped":0,"pct":100}}
,"/Users/o.miha/Project/cardona-core-service-github/src/components/templates/ViewGenerator/_components/BadgeCopyView.vue": {"lines":{"total":6,"covered":6,"skipped":0,"pct":100},"functions":{"total":0,"covered":0,"skipped":0,"pct":100},"statements":{"total":6,"covered":6,"skipped":0,"pct":100},"branches":{"total":0,"covered":0,"skipped":0,"pct":100}}
,"/Users/o.miha/Project/cardona-core-service-github/src/components/templates/ViewGenerator/_components/BadgeShortCopyView.vue": {"lines":{"total":7,"covered":7,"skipped":0,"pct":100},"functions":{"total":0,"covered":0,"skipped":0,"pct":100},"statements":{"total":7,"covered":7,"skipped":0,"pct":100},"branches":{"total":0,"covered":0,"skipped":0,"pct":100}}
,"/Users/o.miha/Project/cardona-core-service-github/src/components/templates/ViewGenerator/_components/BadgeView.vue": {"lines":{"total":6,"covered":6,"skipped":0,"pct":100},"functions":{"total":0,"covered":0,"skipped":0,"pct":100},"statements":{"total":6,"covered":6,"skipped":0,"pct":100},"branches":{"total":0,"covered":0,"skipped":0,"pct":100}}
,"/Users/o.miha/Project/cardona-core-service-github/src/components/templates/ViewGenerator/_components/BadgesView.vue": {"lines":{"total":60,"covered":60,"skipped":0,"pct":100},"functions":{"total":2,"covered":2,"skipped":0,"pct":100},"statements":{"total":60,"covered":60,"skipped":0,"pct":100},"branches":{"total":15,"covered":15,"skipped":0,"pct":100}}
,"/Users/o.miha/Project/cardona-core-service-github/src/components/templates/ViewGenerator/_components/CommentView.vue": {"lines":{"total":2,"covered":2,"skipped":0,"pct":100},"functions":{"total":0,"covered":0,"skipped":0,"pct":100},"statements":{"total":2,"covered":2,"skipped":0,"pct":100},"branches":{"total":2,"covered":2,"skipped":0,"pct":100}}
,"/Users/o.miha/Project/cardona-core-service-github/src/components/templates/ViewGenerator/_components/DateRangeView.vue": {"lines":{"total":8,"covered":8,"skipped":0,"pct":100},"functions":{"total":0,"covered":0,"skipped":0,"pct":100},"statements":{"total":8,"covered":8,"skipped":0,"pct":100},"branches":{"total":0,"covered":0,"skipped":0,"pct":100}}
,"/Users/o.miha/Project/cardona-core-service-github/src/components/templates/ViewGenerator/_components/DateView.vue": {"lines":{"total":7,"covered":7,"skipped":0,"pct":100},"functions":{"total":0,"covered":0,"skipped":0,"pct":100},"statements":{"total":7,"covered":7,"skipped":0,"pct":100},"branches":{"total":0,"covered":0,"skipped":0,"pct":100}}
,"/Users/o.miha/Project/cardona-core-service-github/src/components/templates/ViewGenerator/_components/DateWithSecondsView.vue": {"lines":{"total":3,"covered":3,"skipped":0,"pct":100},"functions":{"total":0,"covered":0,"skipped":0,"pct":100},"statements":{"total":3,"covered":3,"skipped":0,"pct":100},"branches":{"total":0,"covered":0,"skipped":0,"pct":100}}
,"/Users/o.miha/Project/cardona-core-service-github/src/components/templates/ViewGenerator/_components/InnerBlankLinkView.vue": {"lines":{"total":3,"covered":3,"skipped":0,"pct":100},"functions":{"total":0,"covered":0,"skipped":0,"pct":100},"statements":{"total":3,"covered":3,"skipped":0,"pct":100},"branches":{"total":0,"covered":0,"skipped":0,"pct":100}}
,"/Users/o.miha/Project/cardona-core-service-github/src/components/templates/ViewGenerator/_components/LinkView.vue": {"lines":{"total":26,"covered":26,"skipped":0,"pct":100},"functions":{"total":1,"covered":1,"skipped":0,"pct":100},"statements":{"total":26,"covered":26,"skipped":0,"pct":100},"branches":{"total":5,"covered":4,"skipped":0,"pct":80}}
,"/Users/o.miha/Project/cardona-core-service-github/src/components/templates/ViewGenerator/_components/LocaleView.vue": {"lines":{"total":11,"covered":11,"skipped":0,"pct":100},"functions":{"total":0,"covered":0,"skipped":0,"pct":100},"statements":{"total":11,"covered":11,"skipped":0,"pct":100},"branches":{"total":1,"covered":1,"skipped":0,"pct":100}}
,"/Users/o.miha/Project/cardona-core-service-github/src/components/templates/ViewGenerator/_components/ObjectToRowsView.vue": {"lines":{"total":11,"covered":11,"skipped":0,"pct":100},"functions":{"total":0,"covered":0,"skipped":0,"pct":100},"statements":{"total":11,"covered":11,"skipped":0,"pct":100},"branches":{"total":1,"covered":1,"skipped":0,"pct":100}}
,"/Users/o.miha/Project/cardona-core-service-github/src/components/templates/ViewGenerator/_components/RegionView.vue": {"lines":{"total":19,"covered":19,"skipped":0,"pct":100},"functions":{"total":0,"covered":0,"skipped":0,"pct":100},"statements":{"total":19,"covered":19,"skipped":0,"pct":100},"branches":{"total":6,"covered":6,"skipped":0,"pct":100}}
,"/Users/o.miha/Project/cardona-core-service-github/src/components/templates/ViewGenerator/_components/StatementView.vue": {"lines":{"total":3,"covered":3,"skipped":0,"pct":100},"functions":{"total":0,"covered":0,"skipped":0,"pct":100},"statements":{"total":3,"covered":3,"skipped":0,"pct":100},"branches":{"total":0,"covered":0,"skipped":0,"pct":100}}
,"/Users/o.miha/Project/cardona-core-service-github/src/components/templates/ViewGenerator/_components/StatusView.vue": {"lines":{"total":4,"covered":4,"skipped":0,"pct":100},"functions":{"total":0,"covered":0,"skipped":0,"pct":100},"statements":{"total":4,"covered":4,"skipped":0,"pct":100},"branches":{"total":0,"covered":0,"skipped":0,"pct":100}}
,"/Users/o.miha/Project/cardona-core-service-github/src/components/templates/ViewGenerator/_components/StatusWithDateHistoryView.vue": {"lines":{"total":14,"covered":14,"skipped":0,"pct":100},"functions":{"total":0,"covered":0,"skipped":0,"pct":100},"statements":{"total":14,"covered":14,"skipped":0,"pct":100},"branches":{"total":0,"covered":0,"skipped":0,"pct":100}}
,"/Users/o.miha/Project/cardona-core-service-github/src/components/templates/ViewGenerator/_components/StatusWithDateView.vue": {"lines":{"total":3,"covered":3,"skipped":0,"pct":100},"functions":{"total":0,"covered":0,"skipped":0,"pct":100},"statements":{"total":3,"covered":3,"skipped":0,"pct":100},"branches":{"total":0,"covered":0,"skipped":0,"pct":100}}
,"/Users/o.miha/Project/cardona-core-service-github/src/components/templates/ViewGenerator/_components/SumAndCurrencyView.vue": {"lines":{"total":4,"covered":4,"skipped":0,"pct":100},"functions":{"total":0,"covered":0,"skipped":0,"pct":100},"statements":{"total":4,"covered":4,"skipped":0,"pct":100},"branches":{"total":0,"covered":0,"skipped":0,"pct":100}}
,"/Users/o.miha/Project/cardona-core-service-github/src/components/templates/ViewGenerator/_components/SumPeriodView.vue": {"lines":{"total":3,"covered":3,"skipped":0,"pct":100},"functions":{"total":0,"covered":0,"skipped":0,"pct":100},"statements":{"total":3,"covered":3,"skipped":0,"pct":100},"branches":{"total":0,"covered":0,"skipped":0,"pct":100}}
,"/Users/o.miha/Project/cardona-core-service-github/src/components/templates/ViewGenerator/_components/TextView.vue": {"lines":{"total":8,"covered":8,"skipped":0,"pct":100},"functions":{"total":0,"covered":0,"skipped":0,"pct":100},"statements":{"total":8,"covered":8,"skipped":0,"pct":100},"branches":{"total":1,"covered":0,"skipped":0,"pct":0}}
,"/Users/o.miha/Project/cardona-core-service-github/src/components/templates/ViewGenerator/_components/TransactionTypeView.vue": {"lines":{"total":3,"covered":3,"skipped":0,"pct":100},"functions":{"total":0,"covered":0,"skipped":0,"pct":100},"statements":{"total":3,"covered":3,"skipped":0,"pct":100},"branches":{"total":0,"covered":0,"skipped":0,"pct":100}}
,"/Users/o.miha/Project/cardona-core-service-github/src/components/templates/_components/BadgeCopy.vue": {"lines":{"total":24,"covered":24,"skipped":0,"pct":100},"functions":{"total":1,"covered":1,"skipped":0,"pct":100},"statements":{"total":24,"covered":24,"skipped":0,"pct":100},"branches":{"total":6,"covered":6,"skipped":0,"pct":100}}
,"/Users/o.miha/Project/cardona-core-service-github/src/components/templates/_components/BtnIcon.vue": {"lines":{"total":32,"covered":32,"skipped":0,"pct":100},"functions":{"total":1,"covered":1,"skipped":0,"pct":100},"statements":{"total":32,"covered":32,"skipped":0,"pct":100},"branches":{"total":5,"covered":5,"skipped":0,"pct":100}}
,"/Users/o.miha/Project/cardona-core-service-github/src/components/templates/_components/BtnTooltip.vue": {"lines":{"total":19,"covered":19,"skipped":0,"pct":100},"functions":{"total":1,"covered":1,"skipped":0,"pct":100},"statements":{"total":19,"covered":19,"skipped":0,"pct":100},"branches":{"total":2,"covered":2,"skipped":0,"pct":100}}
,"/Users/o.miha/Project/cardona-core-service-github/src/components/templates/_components/CopyField.vue": {"lines":{"total":18,"covered":18,"skipped":0,"pct":100},"functions":{"total":0,"covered":0,"skipped":0,"pct":100},"statements":{"total":18,"covered":18,"skipped":0,"pct":100},"branches":{"total":4,"covered":4,"skipped":0,"pct":100}}
,"/Users/o.miha/Project/cardona-core-service-github/src/components/templates/_components/DateField.vue": {"lines":{"total":13,"covered":13,"skipped":0,"pct":100},"functions":{"total":0,"covered":0,"skipped":0,"pct":100},"statements":{"total":13,"covered":13,"skipped":0,"pct":100},"branches":{"total":5,"covered":5,"skipped":0,"pct":100}}
,"/Users/o.miha/Project/cardona-core-service-github/src/components/templates/_components/DateWithSecondsField.vue": {"lines":{"total":9,"covered":9,"skipped":0,"pct":100},"functions":{"total":0,"covered":0,"skipped":0,"pct":100},"statements":{"total":9,"covered":9,"skipped":0,"pct":100},"branches":{"total":4,"covered":3,"skipped":0,"pct":75}}
,"/Users/o.miha/Project/cardona-core-service-github/src/components/templates/_components/FieldWrapper.vue": {"lines":{"total":30,"covered":30,"skipped":0,"pct":100},"functions":{"total":3,"covered":3,"skipped":0,"pct":100},"statements":{"total":30,"covered":30,"skipped":0,"pct":100},"branches":{"total":5,"covered":5,"skipped":0,"pct":100}}
,"/Users/o.miha/Project/cardona-core-service-github/src/components/templates/_components/InnerBlankLink.vue": {"lines":{"total":43,"covered":43,"skipped":0,"pct":100},"functions":{"total":1,"covered":1,"skipped":0,"pct":100},"statements":{"total":43,"covered":43,"skipped":0,"pct":100},"branches":{"total":14,"covered":12,"skipped":0,"pct":85.71}}
,"/Users/o.miha/Project/cardona-core-service-github/src/components/templates/_components/PhoneField.vue": {"lines":{"total":30,"covered":29,"skipped":0,"pct":96.66},"functions":{"total":3,"covered":1,"skipped":0,"pct":33.33},"statements":{"total":30,"covered":29,"skipped":0,"pct":96.66},"branches":{"total":4,"covered":3,"skipped":0,"pct":75}}
,"/Users/o.miha/Project/cardona-core-service-github/src/components/templates/_components/StatementField.vue": {"lines":{"total":13,"covered":13,"skipped":0,"pct":100},"functions":{"total":0,"covered":0,"skipped":0,"pct":100},"statements":{"total":13,"covered":13,"skipped":0,"pct":100},"branches":{"total":6,"covered":6,"skipped":0,"pct":100}}
,"/Users/o.miha/Project/cardona-core-service-github/src/components/templates/_components/StatusField.vue": {"lines":{"total":19,"covered":19,"skipped":0,"pct":100},"functions":{"total":0,"covered":0,"skipped":0,"pct":100},"statements":{"total":19,"covered":19,"skipped":0,"pct":100},"branches":{"total":5,"covered":5,"skipped":0,"pct":100}}
,"/Users/o.miha/Project/cardona-core-service-github/src/components/templates/_components/StatusWithDateField.vue": {"lines":{"total":12,"covered":12,"skipped":0,"pct":100},"functions":{"total":0,"covered":0,"skipped":0,"pct":100},"statements":{"total":12,"covered":12,"skipped":0,"pct":100},"branches":{"total":0,"covered":0,"skipped":0,"pct":100}}
,"/Users/o.miha/Project/cardona-core-service-github/src/components/templates/_components/SumAndCurrency.vue": {"lines":{"total":27,"covered":27,"skipped":0,"pct":100},"functions":{"total":0,"covered":0,"skipped":0,"pct":100},"statements":{"total":27,"covered":27,"skipped":0,"pct":100},"branches":{"total":1,"covered":1,"skipped":0,"pct":100}}
,"/Users/o.miha/Project/cardona-core-service-github/src/components/templates/_components/SumPeriod.vue": {"lines":{"total":39,"covered":39,"skipped":0,"pct":100},"functions":{"total":0,"covered":0,"skipped":0,"pct":100},"statements":{"total":39,"covered":39,"skipped":0,"pct":100},"branches":{"total":0,"covered":0,"skipped":0,"pct":100}}
,"/Users/o.miha/Project/cardona-core-service-github/src/components/templates/_components/TransactionType.vue": {"lines":{"total":23,"covered":23,"skipped":0,"pct":100},"functions":{"total":0,"covered":0,"skipped":0,"pct":100},"statements":{"total":23,"covered":23,"skipped":0,"pct":100},"branches":{"total":7,"covered":7,"skipped":0,"pct":100}}
,"/Users/o.miha/Project/cardona-core-service-github/src/components/templates/toast/ToastificationContent.vue": {"lines":{"total":36,"covered":36,"skipped":0,"pct":100},"functions":{"total":0,"covered":0,"skipped":0,"pct":100},"statements":{"total":36,"covered":36,"skipped":0,"pct":100},"branches":{"total":0,"covered":0,"skipped":0,"pct":100}}
,"/Users/o.miha/Project/cardona-core-service-github/src/layouts/blank.vue": {"lines":{"total":29,"covered":0,"skipped":0,"pct":0},"functions":{"total":1,"covered":0,"skipped":0,"pct":0},"statements":{"total":29,"covered":0,"skipped":0,"pct":0},"branches":{"total":1,"covered":0,"skipped":0,"pct":0}}
,"/Users/o.miha/Project/cardona-core-service-github/src/layouts/default.vue": {"lines":{"total":113,"covered":110,"skipped":0,"pct":97.34},"functions":{"total":2,"covered":1,"skipped":0,"pct":50},"statements":{"total":113,"covered":110,"skipped":0,"pct":97.34},"branches":{"total":25,"covered":25,"skipped":0,"pct":100}}
,"/Users/o.miha/Project/cardona-core-service-github/src/layouts/components/AppBreadcrumb.vue": {"lines":{"total":21,"covered":21,"skipped":0,"pct":100},"functions":{"total":0,"covered":0,"skipped":0,"pct":100},"statements":{"total":21,"covered":21,"skipped":0,"pct":100},"branches":{"total":0,"covered":0,"skipped":0,"pct":100}}
,"/Users/o.miha/Project/cardona-core-service-github/src/layouts/components/CustomMenu.vue": {"lines":{"total":103,"covered":0,"skipped":0,"pct":0},"functions":{"total":1,"covered":0,"skipped":0,"pct":0},"statements":{"total":103,"covered":0,"skipped":0,"pct":0},"branches":{"total":1,"covered":0,"skipped":0,"pct":0}}
,"/Users/o.miha/Project/cardona-core-service-github/src/layouts/components/DefaultLayoutWithVerticalNav.vue": {"lines":{"total":53,"covered":0,"skipped":0,"pct":0},"functions":{"total":1,"covered":0,"skipped":0,"pct":0},"statements":{"total":53,"covered":0,"skipped":0,"pct":0},"branches":{"total":1,"covered":0,"skipped":0,"pct":0}}
,"/Users/o.miha/Project/cardona-core-service-github/src/layouts/components/Footer.vue": {"lines":{"total":51,"covered":0,"skipped":0,"pct":0},"functions":{"total":1,"covered":0,"skipped":0,"pct":0},"statements":{"total":51,"covered":0,"skipped":0,"pct":0},"branches":{"total":1,"covered":0,"skipped":0,"pct":0}}
,"/Users/o.miha/Project/cardona-core-service-github/src/layouts/components/NavBarNotifications.vue": {"lines":{"total":76,"covered":0,"skipped":0,"pct":0},"functions":{"total":1,"covered":0,"skipped":0,"pct":0},"statements":{"total":76,"covered":0,"skipped":0,"pct":0},"branches":{"total":1,"covered":0,"skipped":0,"pct":0}}
,"/Users/o.miha/Project/cardona-core-service-github/src/layouts/components/NavSearchBar.vue": {"lines":{"total":157,"covered":0,"skipped":0,"pct":0},"functions":{"total":1,"covered":0,"skipped":0,"pct":0},"statements":{"total":157,"covered":0,"skipped":0,"pct":0},"branches":{"total":1,"covered":0,"skipped":0,"pct":0}}
,"/Users/o.miha/Project/cardona-core-service-github/src/layouts/components/NavbarShortcuts.vue": {"lines":{"total":38,"covered":0,"skipped":0,"pct":0},"functions":{"total":1,"covered":0,"skipped":0,"pct":0},"statements":{"total":38,"covered":0,"skipped":0,"pct":0},"branches":{"total":1,"covered":0,"skipped":0,"pct":0}}
,"/Users/o.miha/Project/cardona-core-service-github/src/layouts/components/NavbarThemeSwitcher.vue": {"lines":{"total":14,"covered":0,"skipped":0,"pct":0},"functions":{"total":1,"covered":0,"skipped":0,"pct":0},"statements":{"total":14,"covered":0,"skipped":0,"pct":0},"branches":{"total":1,"covered":0,"skipped":0,"pct":0}}
,"/Users/o.miha/Project/cardona-core-service-github/src/layouts/components/UserProfile.vue": {"lines":{"total":85,"covered":0,"skipped":0,"pct":0},"functions":{"total":1,"covered":0,"skipped":0,"pct":0},"statements":{"total":85,"covered":0,"skipped":0,"pct":0},"branches":{"total":1,"covered":0,"skipped":0,"pct":0}}
,"/Users/o.miha/Project/cardona-core-service-github/src/layouts/default/components/CustomMenu.vue": {"lines":{"total":106,"covered":106,"skipped":0,"pct":100},"functions":{"total":5,"covered":4,"skipped":0,"pct":80},"statements":{"total":106,"covered":106,"skipped":0,"pct":100},"branches":{"total":26,"covered":26,"skipped":0,"pct":100}}
,"/Users/o.miha/Project/cardona-core-service-github/src/layouts/default/components/ProductSelect.vue": {"lines":{"total":67,"covered":67,"skipped":0,"pct":100},"functions":{"total":0,"covered":0,"skipped":0,"pct":100},"statements":{"total":67,"covered":67,"skipped":0,"pct":100},"branches":{"total":0,"covered":0,"skipped":0,"pct":100}}
,"/Users/o.miha/Project/cardona-core-service-github/src/layouts/default/components/ProjectSelect.vue": {"lines":{"total":73,"covered":73,"skipped":0,"pct":100},"functions":{"total":0,"covered":0,"skipped":0,"pct":100},"statements":{"total":73,"covered":73,"skipped":0,"pct":100},"branches":{"total":0,"covered":0,"skipped":0,"pct":100}}
,"/Users/o.miha/Project/cardona-core-service-github/src/layouts/default/components/SideBar.vue": {"lines":{"total":97,"covered":97,"skipped":0,"pct":100},"functions":{"total":8,"covered":5,"skipped":0,"pct":62.5},"statements":{"total":97,"covered":97,"skipped":0,"pct":100},"branches":{"total":9,"covered":7,"skipped":0,"pct":77.77}}
,"/Users/o.miha/Project/cardona-core-service-github/src/layouts/default/components/VerticalNav.vue": {"lines":{"total":119,"covered":0,"skipped":0,"pct":0},"functions":{"total":1,"covered":0,"skipped":0,"pct":0},"statements":{"total":119,"covered":0,"skipped":0,"pct":0},"branches":{"total":1,"covered":0,"skipped":0,"pct":0}}
,"/Users/o.miha/Project/cardona-core-service-github/src/layouts/island/index.vue": {"lines":{"total":69,"covered":0,"skipped":0,"pct":0},"functions":{"total":1,"covered":0,"skipped":0,"pct":0},"statements":{"total":69,"covered":0,"skipped":0,"pct":0},"branches":{"total":1,"covered":0,"skipped":0,"pct":0}}
}
